<?xml version="1.0" encoding="UTF-8"?>
<testng-results skipped="0" failed="0" ignored="0" total="1" passed="1">
  <reporter-output>
  </reporter-output>
  <suite name="Default suite" duration-ms="29233" started-at="2020-06-21T03:15:02Z" finished-at="2020-06-21T03:15:31Z">
    <groups>
    </groups>
    <test name="Default test" duration-ms="29233" started-at="2020-06-21T03:15:02Z" finished-at="2020-06-21T03:15:31Z">
      <class name="com.health.TestCases.Launch">
        <test-method status="PASS" signature="setdatafromexcel()[pri:0, instance:com.health.TestCases.Launch@5e3a8624]" name="setdatafromexcel" is-config="true" duration-ms="998" started-at="2020-06-20T23:15:01Z" finished-at="2020-06-20T23:15:02Z">
          <reporter-output>
          </reporter-output>
        </test-method> <!-- setdatafromexcel -->
        <test-method status="PASS" signature="setup()[pri:0, instance:com.health.TestCases.Launch@5e3a8624]" name="setup" is-config="true" duration-ms="10432" started-at="2020-06-20T23:15:02Z" finished-at="2020-06-20T23:15:13Z">
          <reporter-output>
          </reporter-output>
        </test-method> <!-- setup -->
        <test-method status="PASS" signature="loginapp()[pri:0, instance:com.health.TestCases.Launch@5e3a8624]" name="loginapp" duration-ms="9921" started-at="2020-06-20T23:15:13Z" finished-at="2020-06-20T23:15:23Z">
          <reporter-output>
          </reporter-output>
        </test-method> <!-- loginapp -->
        <test-method status="PASS" signature="screenshot(org.testng.ITestResult)[pri:0, instance:com.health.TestCases.Launch@5e3a8624]" name="screenshot" is-config="true" duration-ms="8854" started-at="2020-06-20T23:15:23Z" finished-at="2020-06-20T23:15:31Z">
          <params>
            <param index="0">
              <value>
                <![CDATA[[TestResult name=loginapp status=SUCCESS method=Launch.loginapp()[pri:0, instance:com.health.TestCases.Launch@5e3a8624] output={null}]]]>
              </value>
            </param>
          </params>
          <reporter-output>
          </reporter-output>
        </test-method> <!-- screenshot -->
      </class> <!-- com.health.TestCases.Launch -->
    </test> <!-- Default test -->
  </suite> <!-- Default suite -->
</testng-results>
