<?xml version="1.0" encoding="UTF-8"?>
<testng-results skipped="1" failed="0" ignored="1" total="2" passed="0">
  <reporter-output>
  </reporter-output>
  <suite name="Default suite" duration-ms="47" started-at="2020-06-25T13:02:08Z" finished-at="2020-06-25T13:02:08Z">
    <groups>
    </groups>
    <test name="Default test" duration-ms="47" started-at="2020-06-25T13:02:08Z" finished-at="2020-06-25T13:02:08Z">
      <class name="com.health.TestCases.Launch">
        <test-method status="FAIL" signature="setdatafromexcel()[pri:0, instance:com.health.TestCases.Launch@39c0f4a]" name="setdatafromexcel" is-config="true" duration-ms="15" started-at="2020-06-25T06:02:08Z" finished-at="2020-06-25T06:02:08Z">
          <exception class="java.io.FileNotFoundException">
            <message>
              <![CDATA[C:\Users\user\workspace\Splitbilling340B\TestData\Logincredentials.xlsx (The system cannot find the path specified)]]>
            </message>
            <full-stacktrace>
              <![CDATA[java.io.FileNotFoundException: C:\Users\user\workspace\Splitbilling340B\TestData\Logincredentials.xlsx (The system cannot find the path specified)
	at java.io.FileInputStream.open0(Native Method)
	at java.io.FileInputStream.open(FileInputStream.java:195)
	at java.io.FileInputStream.<init>(FileInputStream.java:138)
	at com.health.utilities.datafromexcel.<init>(datafromexcel.java:17)
	at com.health.screens.Baseclass.setdatafromexcel(Baseclass.java:35)
	at sun.reflect.NativeMethodAccessorImpl.invoke0(Native Method)
	at sun.reflect.NativeMethodAccessorImpl.invoke(NativeMethodAccessorImpl.java:62)
	at sun.reflect.DelegatingMethodAccessorImpl.invoke(DelegatingMethodAccessorImpl.java:43)
	at java.lang.reflect.Method.invoke(Method.java:498)
	at org.testng.internal.MethodInvocationHelper.invokeMethod(MethodInvocationHelper.java:108)
	at org.testng.internal.Invoker.invokeConfigurationMethod(Invoker.java:523)
	at org.testng.internal.Invoker.invokeConfigurations(Invoker.java:224)
	at org.testng.internal.Invoker.invokeConfigurations(Invoker.java:146)
	at org.testng.SuiteRunner.privateRun(SuiteRunner.java:326)
	at org.testng.SuiteRunner.run(SuiteRunner.java:289)
	at org.testng.SuiteRunnerWorker.runSuite(SuiteRunnerWorker.java:52)
	at org.testng.SuiteRunnerWorker.run(SuiteRunnerWorker.java:86)
	at org.testng.TestNG.runSuitesSequentially(TestNG.java:1301)
	at org.testng.TestNG.runSuitesLocally(TestNG.java:1226)
	at org.testng.TestNG.runSuites(TestNG.java:1144)
	at org.testng.TestNG.run(TestNG.java:1115)
	at org.testng.remote.AbstractRemoteTestNG.run(AbstractRemoteTestNG.java:132)
	at org.testng.remote.RemoteTestNG.initAndRun(RemoteTestNG.java:230)
	at org.testng.remote.RemoteTestNG.main(RemoteTestNG.java:76)
]]>
            </full-stacktrace>
          </exception> <!-- java.io.FileNotFoundException -->
          <reporter-output>
          </reporter-output>
        </test-method> <!-- setdatafromexcel -->
        <test-method status="SKIP" signature="setup()[pri:0, instance:com.health.TestCases.Launch@39c0f4a]" name="setup" is-config="true" duration-ms="0" started-at="2020-06-25T06:02:08Z" finished-at="2020-06-25T06:02:08Z">
          <reporter-output>
          </reporter-output>
        </test-method> <!-- setup -->
        <test-method status="SKIP" signature="loginapp()[pri:0, instance:com.health.TestCases.Launch@39c0f4a]" name="loginapp" duration-ms="0" started-at="2020-06-25T06:02:08Z" finished-at="2020-06-25T06:02:08Z">
          <exception class="java.io.FileNotFoundException">
            <message>
              <![CDATA[C:\Users\user\workspace\Splitbilling340B\TestData\Logincredentials.xlsx (The system cannot find the path specified)]]>
            </message>
            <full-stacktrace>
              <![CDATA[java.io.FileNotFoundException: C:\Users\user\workspace\Splitbilling340B\TestData\Logincredentials.xlsx (The system cannot find the path specified)
	at java.io.FileInputStream.open0(Native Method)
	at java.io.FileInputStream.open(FileInputStream.java:195)
	at java.io.FileInputStream.<init>(FileInputStream.java:138)
	at com.health.utilities.datafromexcel.<init>(datafromexcel.java:17)
	at com.health.screens.Baseclass.setdatafromexcel(Baseclass.java:35)
	at sun.reflect.NativeMethodAccessorImpl.invoke0(Native Method)
	at sun.reflect.NativeMethodAccessorImpl.invoke(NativeMethodAccessorImpl.java:62)
	at sun.reflect.DelegatingMethodAccessorImpl.invoke(DelegatingMethodAccessorImpl.java:43)
	at java.lang.reflect.Method.invoke(Method.java:498)
	at org.testng.internal.MethodInvocationHelper.invokeMethod(MethodInvocationHelper.java:108)
	at org.testng.internal.Invoker.invokeConfigurationMethod(Invoker.java:523)
	at org.testng.internal.Invoker.invokeConfigurations(Invoker.java:224)
	at org.testng.internal.Invoker.invokeConfigurations(Invoker.java:146)
	at org.testng.SuiteRunner.privateRun(SuiteRunner.java:326)
	at org.testng.SuiteRunner.run(SuiteRunner.java:289)
	at org.testng.SuiteRunnerWorker.runSuite(SuiteRunnerWorker.java:52)
	at org.testng.SuiteRunnerWorker.run(SuiteRunnerWorker.java:86)
	at org.testng.TestNG.runSuitesSequentially(TestNG.java:1301)
	at org.testng.TestNG.runSuitesLocally(TestNG.java:1226)
	at org.testng.TestNG.runSuites(TestNG.java:1144)
	at org.testng.TestNG.run(TestNG.java:1115)
	at org.testng.remote.AbstractRemoteTestNG.run(AbstractRemoteTestNG.java:132)
	at org.testng.remote.RemoteTestNG.initAndRun(RemoteTestNG.java:230)
	at org.testng.remote.RemoteTestNG.main(RemoteTestNG.java:76)
]]>
            </full-stacktrace>
          </exception> <!-- java.io.FileNotFoundException -->
          <reporter-output>
          </reporter-output>
        </test-method> <!-- loginapp -->
        <test-method status="SKIP" signature="quit()[pri:0, instance:com.health.TestCases.Launch@39c0f4a]" name="quit" is-config="true" duration-ms="0" started-at="2020-06-25T06:02:08Z" finished-at="2020-06-25T06:02:08Z">
          <reporter-output>
          </reporter-output>
        </test-method> <!-- quit -->
      </class> <!-- com.health.TestCases.Launch -->
    </test> <!-- Default test -->
  </suite> <!-- Default suite -->
</testng-results>
