<?xml version="1.0" encoding="UTF-8"?>
<!-- Generated by org.testng.reporters.JUnitXMLReporter -->
<testsuite hostname="computer" ignored="0" name="Test" tests="1" failures="1" timestamp="19 Jun 2020 11:59:40 GMT" time="21.265" errors="0">
  <testcase name="loginapp" time="2.031" classname="com.health.TestCases.Launch">
    <failure type="java.lang.NullPointerException">
      <![CDATA[java.lang.NullPointerException
	at com.health.utilities.datafromexcel.datainstring(datafromexcel.java:30)
	at com.health.TestCases.Launch.loginapp(Launch.java:19)
... Removed 25 stack frames]]>
    </failure>
  </testcase> <!-- loginapp -->
</testsuite> <!-- Test -->
